2021-08-02 11:24:36.183  INFO 49349 --- [Test worker] .b.t.c.SpringBootTestContextBootstrapper : Neither @ContextConfiguration nor @ContextHierarchy found for test class [com.huohuaadx.cms.SpringTest], using SpringBootContextLoader
2021-08-02 11:24:36.199  INFO 49349 --- [Test worker] o.s.t.c.s.AbstractContextLoader          : Could not detect default resource locations for test class [com.huohuaadx.cms.SpringTest]: no resource found for suffixes {-context.xml, Context.groovy}.
2021-08-02 11:24:36.200  INFO 49349 --- [Test worker] t.c.s.AnnotationConfigContextLoaderUtils : Could not detect default configuration classes for test class [com.huohuaadx.cms.SpringTest]: SpringTest does not declare any static, non-private, non-final, nested classes annotated with @Configuration.
2021-08-02 11:24:36.360  INFO 49349 --- [Test worker] .b.t.c.SpringBootTestContextBootstrapper : Found @SpringBootConfiguration com.huohuaadx.cms.CmsApplication for test class com.huohuaadx.cms.SpringTest
2021-08-02 11:24:36.559  INFO 49349 --- [Test worker] .b.t.c.SpringBootTestContextBootstrapper : Loaded default TestExecutionListener class names from location [META-INF/spring.factories]: [org.springframework.boot.test.autoconfigure.restdocs.RestDocsTestExecutionListener, org.springframework.boot.test.autoconfigure.web.client.MockRestServiceServerResetTestExecutionListener, org.springframework.boot.test.autoconfigure.web.servlet.MockMvcPrintOnlyOnFailureTestExecutionListener, org.springframework.boot.test.autoconfigure.web.servlet.WebDriverTestExecutionListener, org.springframework.boot.test.autoconfigure.webservices.client.MockWebServiceServerTestExecutionListener, org.springframework.boot.test.mock.mockito.MockitoTestExecutionListener, org.springframework.boot.test.mock.mockito.ResetMocksTestExecutionListener, org.springframework.test.context.web.ServletTestExecutionListener, org.springframework.test.context.support.DirtiesContextBeforeModesTestExecutionListener, org.springframework.test.context.event.ApplicationEventsTestExecutionListener, org.springframework.test.context.support.DependencyInjectionTestExecutionListener, org.springframework.test.context.support.DirtiesContextTestExecutionListener, org.springframework.test.context.transaction.TransactionalTestExecutionListener, org.springframework.test.context.jdbc.SqlScriptsTestExecutionListener, org.springframework.test.context.event.EventPublishingTestExecutionListener]
2021-08-02 11:24:36.577  INFO 49349 --- [Test worker] .b.t.c.SpringBootTestContextBootstrapper : Using TestExecutionListeners: [org.springframework.test.context.web.ServletTestExecutionListener@627eae90, org.springframework.test.context.support.DirtiesContextBeforeModesTestExecutionListener@48d61d10, org.springframework.test.context.event.ApplicationEventsTestExecutionListener@7407471c, org.springframework.boot.test.mock.mockito.MockitoTestExecutionListener@5ed1d101, org.springframework.boot.test.autoconfigure.SpringBootDependencyInjectionTestExecutionListener@49ccfe65, org.springframework.test.context.support.DirtiesContextTestExecutionListener@310a54d1, org.springframework.test.context.transaction.TransactionalTestExecutionListener@7f7bda4b, org.springframework.test.context.jdbc.SqlScriptsTestExecutionListener@2ff2457c, org.springframework.test.context.event.EventPublishingTestExecutionListener@1e3a931, org.springframework.boot.test.autoconfigure.restdocs.RestDocsTestExecutionListener@62acd900, org.springframework.boot.test.autoconfigure.web.client.MockRestServiceServerResetTestExecutionListener@4324ee9c, org.springframework.boot.test.autoconfigure.web.servlet.MockMvcPrintOnlyOnFailureTestExecutionListener@7e408a21, org.springframework.boot.test.autoconfigure.web.servlet.WebDriverTestExecutionListener@62f60ef9, org.springframework.boot.test.autoconfigure.webservices.client.MockWebServiceServerTestExecutionListener@6616bf7e, org.springframework.boot.test.mock.mockito.ResetMocksTestExecutionListener@2a2fd2e]
2021-08-02 11:24:38.268  INFO 49349 --- [Test worker] c.a.n.c.c.i.LocalConfigInfoProcessor     : LOCAL_SNAPSHOT_PATH:/Users/Frenude/nacos/config
2021-08-02 11:24:38.350  INFO 49349 --- [Test worker] c.a.n.c.c.i.Limiter                      : limitTime:5.0
2021-08-02 11:24:38.504  WARN 49349 --- [Test worker] c.a.c.n.c.NacosPropertySourceBuilder     : Ignore the empty nacos configuration and get it based on dataId[cms-service] & group[DEFAULT_GROUP]
2021-08-02 11:24:38.524  WARN 49349 --- [Test worker] c.a.c.n.c.NacosPropertySourceBuilder     : Ignore the empty nacos configuration and get it based on dataId[cms-service.properties] & group[DEFAULT_GROUP]
2021-08-02 11:24:38.549  WARN 49349 --- [Test worker] c.a.c.n.c.NacosPropertySourceBuilder     : Ignore the empty nacos configuration and get it based on dataId[cms-service-local.properties] & group[DEFAULT_GROUP]
2021-08-02 11:24:38.553  INFO 49349 --- [Test worker] b.c.PropertySourceBootstrapConfiguration : Located property source: [BootstrapPropertySource {name='bootstrapProperties-cms-service-local.properties,DEFAULT_GROUP'}, BootstrapPropertySource {name='bootstrapProperties-cms-service.properties,DEFAULT_GROUP'}, BootstrapPropertySource {name='bootstrapProperties-cms-service,DEFAULT_GROUP'}]
2021-08-02 11:24:38.588  INFO 49349 --- [Test worker] c.h.c.SpringTest                         : The following profiles are active: local
2021-08-02 11:24:41.479  INFO 49349 --- [Test worker] o.s.c.c.s.GenericScope                   : BeanFactory id=4582bf49-34a9-37a4-84a6-8b036ec9ce22
2021-08-02 11:24:44.681  INFO 49349 --- [Test worker] c.a.n.c.naming                           : initializer namespace from System Property :null
2021-08-02 11:24:44.682  INFO 49349 --- [Test worker] c.a.n.c.naming                           : initializer namespace from System Environment :null
2021-08-02 11:24:44.683  INFO 49349 --- [Test worker] c.a.n.c.naming                           : initializer namespace from System Property :null
2021-08-02 11:24:45.042  INFO 49349 --- [Test worker] o.s.b.a.e.w.EndpointLinksResolver        : Exposing 18 endpoint(s) beneath base path '/actuator'
2021-08-02 11:24:46.928  WARN 49349 --- [Test worker] d.s.r.o.OperationImplicitParameterReader : Unable to interpret the implicit parameter configuration with dataType: , dataTypeClass: class java.lang.Void
2021-08-02 11:24:46.958  WARN 49349 --- [Test worker] d.s.r.o.OperationImplicitParameterReader : Unable to interpret the implicit parameter configuration with dataType: , dataTypeClass: class java.lang.Void
2021-08-02 11:24:46.959  WARN 49349 --- [Test worker] d.s.r.o.OperationImplicitParameterReader : Unable to interpret the implicit parameter configuration with dataType: , dataTypeClass: class java.lang.Void
2021-08-02 11:24:46.995  INFO 49349 --- [Test worker] c.h.c.SpringTest                         : Started SpringTest in 10.364 seconds (JVM running for 12.453)
2021-08-02 11:24:47.005  INFO 49349 --- [Test worker] c.a.n.c.c.i.ClientWorker                 : [fixed-39.103.193.144_8848] [subscribe] cms-service-local.properties+DEFAULT_GROUP
2021-08-02 11:24:47.006  INFO 49349 --- [Test worker] c.a.n.c.c.i.CacheData                    : [fixed-39.103.193.144_8848] [add-listener] ok, tenant=, dataId=cms-service-local.properties, group=DEFAULT_GROUP, cnt=1
2021-08-02 11:24:47.006  INFO 49349 --- [Test worker] c.a.n.c.c.i.ClientWorker                 : [fixed-39.103.193.144_8848] [subscribe] cms-service+DEFAULT_GROUP
2021-08-02 11:24:47.007  INFO 49349 --- [Test worker] c.a.n.c.c.i.CacheData                    : [fixed-39.103.193.144_8848] [add-listener] ok, tenant=, dataId=cms-service, group=DEFAULT_GROUP, cnt=1
2021-08-02 11:24:47.007  INFO 49349 --- [Test worker] c.a.n.c.c.i.ClientWorker                 : [fixed-39.103.193.144_8848] [subscribe] cms-service.properties+DEFAULT_GROUP
2021-08-02 11:24:47.007  INFO 49349 --- [Test worker] c.a.n.c.c.i.CacheData                    : [fixed-39.103.193.144_8848] [add-listener] ok, tenant=, dataId=cms-service.properties, group=DEFAULT_GROUP, cnt=1
2021-08-02 11:24:47.552  WARN 49349 --- [Thread-5] c.a.n.c.h.HttpClientBeanHolder           : [HttpClientBeanHolder] Start destroying common HttpClient
2021-08-02 11:24:47.552  WARN 49349 --- [Thread-16] c.a.n.c.n.NotifyCenter                   : [NotifyCenter] Start destroying Publisher
2021-08-02 11:24:47.552  WARN 49349 --- [Thread-5] c.a.n.c.h.HttpClientBeanHolder           : [HttpClientBeanHolder] Destruction of the end
2021-08-02 11:24:47.553  WARN 49349 --- [Thread-16] c.a.n.c.n.NotifyCenter                   : [NotifyCenter] Destruction of the end
2021-08-02 11:24:47.561  INFO 49349 --- [SpringApplicationShutdownHook] c.a.n.c.naming                           : com.alibaba.nacos.client.naming.beat.BeatReactor do shutdown begin
2021-08-02 11:24:47.561  INFO 49349 --- [SpringApplicationShutdownHook] c.a.n.c.naming                           : com.alibaba.nacos.client.naming.beat.BeatReactor do shutdown stop
2021-08-02 11:24:47.561  INFO 49349 --- [SpringApplicationShutdownHook] c.a.n.c.naming                           : com.alibaba.nacos.client.naming.core.HostReactor do shutdown begin
2021-08-02 11:24:47.621  INFO 49349 --- [SpringApplicationShutdownHook] c.a.n.c.naming                           : com.alibaba.nacos.client.naming.core.PushReceiver do shutdown begin
2021-08-02 11:24:50.633  INFO 49349 --- [SpringApplicationShutdownHook] c.a.n.c.naming                           : com.alibaba.nacos.client.naming.core.PushReceiver do shutdown stop
2021-08-02 11:24:50.634  INFO 49349 --- [SpringApplicationShutdownHook] c.a.n.c.naming                           : com.alibaba.nacos.client.naming.backups.FailoverReactor do shutdown begin
2021-08-02 11:24:53.644  INFO 49349 --- [SpringApplicationShutdownHook] c.a.n.c.naming                           : com.alibaba.nacos.client.naming.backups.FailoverReactor do shutdown stop
2021-08-02 11:24:53.645  INFO 49349 --- [SpringApplicationShutdownHook] c.a.n.c.naming                           : com.alibaba.nacos.client.naming.core.HostReactor do shutdown stop
2021-08-02 11:24:53.645  INFO 49349 --- [SpringApplicationShutdownHook] c.a.n.c.naming                           : com.alibaba.nacos.client.naming.net.NamingProxy do shutdown begin
2021-08-02 11:24:53.647  WARN 49349 --- [SpringApplicationShutdownHook] c.a.n.c.naming                           : [NamingHttpClientManager] Start destroying NacosRestTemplate
2021-08-02 11:24:53.648  WARN 49349 --- [SpringApplicationShutdownHook] c.a.n.c.naming                           : [NamingHttpClientManager] Destruction of the end
2021-08-02 11:24:53.648  INFO 49349 --- [SpringApplicationShutdownHook] c.a.n.c.i.CredentialWatcher              : [null] CredentialWatcher is stopped
2021-08-02 11:24:53.648  INFO 49349 --- [SpringApplicationShutdownHook] c.a.n.c.i.CredentialService              : [null] CredentialService is freed
2021-08-02 11:24:53.649  INFO 49349 --- [SpringApplicationShutdownHook] c.a.n.c.naming                           : com.alibaba.nacos.client.naming.net.NamingProxy do shutdown stop
